[2025-12-26 02:14:35] SUCCESS: System temp files
[2025-12-26 02:14:35] SUCCESS: System crash reports
[2025-12-26 02:14:35] SUCCESS: System logs
[2025-12-26 02:14:40] SUCCESS: Browser code signature caches (1 items)
[2025-12-26 02:14:47] SUCCESS: System diagnostic logs
[2025-12-26 02:14:47] SUCCESS: Power logs
[2025-12-26 02:58:52] SUCCESS: Security settings updated
[2026-01-24 03:09:09] SUCCESS: System temp files
[2026-01-24 03:09:09] SUCCESS: System crash reports
[2026-01-24 03:09:09] SUCCESS: System logs
[2026-01-24 03:09:14] SUCCESS: Browser code signature caches (1 items)
[2026-01-24 03:09:16] SUCCESS: System diagnostic logs
[2026-01-24 03:09:16] SUCCESS: Power logs
[2026-02-18 22:42:43] SUCCESS: System temp files
[2026-02-18 22:42:43] SUCCESS: System crash reports
[2026-02-18 22:42:43] SUCCESS: System logs
[2026-02-18 22:42:48] SUCCESS: Browser code signature caches, 1 items
[2026-02-18 22:42:59] SUCCESS: System diagnostic logs
[2026-02-18 22:42:59] SUCCESS: Power logs
[2026-02-18 22:42:59] SUCCESS: Memory exception reports
[2026-02-19 02:25:58] SUCCESS: System temp files
[2026-02-19 02:25:58] SUCCESS: System crash reports
[2026-02-19 02:25:58] SUCCESS: System logs
[2026-02-19 02:26:04] SUCCESS: System diagnostic logs
[2026-02-19 02:26:04] SUCCESS: Power logs
[2026-02-19 02:26:04] SUCCESS: Memory exception reports
[2026-02-24 02:17:10] SUCCESS: System temp files
[2026-02-24 02:17:10] SUCCESS: System crash reports
[2026-02-24 02:17:10] SUCCESS: System logs
[2026-02-24 02:17:15] SUCCESS: Browser code signature caches, 1 items
[2026-02-24 02:17:16] SUCCESS: System diagnostic logs
[2026-02-24 02:17:16] SUCCESS: Power logs
[2026-02-24 02:17:16] SUCCESS: Memory exception reports
[2026-03-06 11:28:42] SUCCESS: System crash reports
[2026-03-06 11:28:42] SUCCESS: System logs
[2026-03-06 11:28:48] SUCCESS: Browser code signature caches, 1 items
[2026-03-06 11:28:54] SUCCESS: System diagnostic logs
[2026-03-06 11:28:54] SUCCESS: Power logs
[2026-03-15 22:24:44] SUCCESS: System crash reports
[2026-03-15 22:24:45] SUCCESS: System logs
[2026-03-15 22:24:50] SUCCESS: Browser code signature caches, 1 items
[2026-03-15 22:24:54] SUCCESS: System diagnostic logs
[2026-03-15 22:24:54] SUCCESS: Power logs
